Run Monitor daemon listening on '40807@reds-vmeda'...
RegressionStarting: Regression started at Sat Nov  2 23:15:57 2024
ActionStarted:   Action 'directed/dirtest4_0_0/execScript' has started at Sat Nov  2 23:16:01 2024
ActionStarted:   Action 'directed/dirtest4_1_0/execScript' has started at Sat Nov  2 23:16:01 2024
ActionStarted:   Action 'directed/dirtest4_19_0/execScript' has started at Sat Nov  2 23:16:01 2024
ActionStarted:   Action 'directed/dirtest8_0_0/execScript' has started at Sat Nov  2 23:16:03 2024
ActionStarted:   Action 'directed/dirtest4_16_0/execScript' has started at Sat Nov  2 23:16:03 2024
ActionStarted:   Action 'directed/dirtest4_17_0/execScript' has started at Sat Nov  2 23:16:03 2024
ActionStarted:   Action 'directed/dirtest4_20_0/execScript' has started at Sat Nov  2 23:16:03 2024
ActionStarted:   Action 'directed/dirtest4_2_0/execScript' has started at Sat Nov  2 23:16:03 2024
ActionStarted:   Action 'directed/dirtest4_18_0/execScript' has started at Sat Nov  2 23:16:03 2024
ActionStarted:   Action 'directed/dirtest4_21_0/execScript' has started at Sat Nov  2 23:16:04 2024
ActionStarted:   Action 'directed/dirtest8_3_0/execScript' has started at Sat Nov  2 23:16:04 2024
ActionStarted:   Action 'directed/dirtest8_16_0/execScript' has started at Sat Nov  2 23:16:04 2024
ActionStarted:   Action 'directed/dirtest8_19_0/execScript' has started at Sat Nov  2 23:16:04 2024
ActionStarted:   Action 'directed/dirtest4_3_0/execScript' has started at Sat Nov  2 23:16:05 2024
ActionStarted:   Action 'directed/dirtest8_18_0/execScript' has started at Sat Nov  2 23:16:05 2024
ActionStarted:   Action 'directed/dirtest12_1_0/execScript' has started at Sat Nov  2 23:16:05 2024
Error: Action 'directed/dirtest4_19_0/execScript' failed (failed/script, status: 1):
  message: 'Elaboration error'
  details: UCDB status is 'UCDB Error'
  logfile: /home/reds/Desktop/Labos/vse-labos/labo1_svcomb/code/VRMDATA/directed/dirtest4_19_0/execScript.log
ActionCompleted: Action 'directed/dirtest4_19_0/execScript' failed at Sat Nov  2 23:16:05 2024
ActionStarted:   Action 'directed/dirtest8_20_0/execScript' has started at Sat Nov  2 23:16:05 2024
Error: Action 'directed/dirtest4_1_0/execScript' failed (failed/script, status: 1):
  message: 'Elaboration error'
  details: UCDB status is 'UCDB Error'
  logfile: /home/reds/Desktop/Labos/vse-labos/labo1_svcomb/code/VRMDATA/directed/dirtest4_1_0/execScript.log
ActionCompleted: Action 'directed/dirtest4_1_0/execScript' failed at Sat Nov  2 23:16:05 2024
Error: Action 'directed/dirtest4_0_0/execScript' failed (failed/script, status: 1):
  message: 'Elaboration error'
  details: UCDB status is 'UCDB Error'
  logfile: /home/reds/Desktop/Labos/vse-labos/labo1_svcomb/code/VRMDATA/directed/dirtest4_0_0/execScript.log
ActionCompleted: Action 'directed/dirtest4_0_0/execScript' failed at Sat Nov  2 23:16:05 2024
ActionStarted:   Action 'directed/dirtest8_1_0/execScript' has started at Sat Nov  2 23:16:06 2024
ActionStarted:   Action 'directed/dirtest8_2_0/execScript' has started at Sat Nov  2 23:16:06 2024
ActionStarted:   Action 'directed/dirtest8_17_0/execScript' has started at Sat Nov  2 23:16:06 2024
ActionStarted:   Action 'directed/dirtest12_16_0/execScript' has started at Sat Nov  2 23:16:06 2024
ActionStarted:   Action 'directed/dirtest12_17_0/execScript' has started at Sat Nov  2 23:16:06 2024
ActionStarted:   Action 'directed/dirtest12_20_0/execScript' has started at Sat Nov  2 23:16:06 2024
ActionStarted:   Action 'directed/dirtest12_3_0/execScript' has started at Sat Nov  2 23:16:07 2024
ActionStarted:   Action 'directed/dirtest12_0_0/execScript' has started at Sat Nov  2 23:16:07 2024
ActionStarted:   Action 'directed/dirtest12_21_0/execScript' has started at Sat Nov  2 23:16:07 2024
ActionStarted:   Action 'directed/dirtest8_21_0/execScript' has started at Sat Nov  2 23:16:07 2024
ActionStarted:   Action 'directed/dirtest12_2_0/execScript' has started at Sat Nov  2 23:16:07 2024
ActionStarted:   Action 'directed/dirtest12_19_0/execScript' has started at Sat Nov  2 23:16:08 2024
Error: Action 'directed/dirtest4_17_0/execScript' failed (failed/script, status: 1):
  message: 'Elaboration error'
  details: UCDB status is 'UCDB Error'
  logfile: /home/reds/Desktop/Labos/vse-labos/labo1_svcomb/code/VRMDATA/directed/dirtest4_17_0/execScript.log
ActionCompleted: Action 'directed/dirtest4_17_0/execScript' failed at Sat Nov  2 23:16:09 2024
ActionStarted:   Action 'directed/dirtest12_18_0/execScript' has started at Sat Nov  2 23:16:09 2024
Error: Action 'directed/dirtest4_16_0/execScript' failed (failed/script, status: 1):
  message: 'Elaboration error'
  details: UCDB status is 'UCDB Error'
  logfile: /home/reds/Desktop/Labos/vse-labos/labo1_svcomb/code/VRMDATA/directed/dirtest4_16_0/execScript.log
ActionCompleted: Action 'directed/dirtest4_16_0/execScript' failed at Sat Nov  2 23:16:09 2024
Error: Action 'directed/dirtest8_0_0/execScript' failed (failed/script, status: 1):
  message: 'Elaboration error'
  details: UCDB status is 'UCDB Error'
  logfile: /home/reds/Desktop/Labos/vse-labos/labo1_svcomb/code/VRMDATA/directed/dirtest8_0_0/execScript.log
ActionCompleted: Action 'directed/dirtest8_0_0/execScript' failed at Sat Nov  2 23:16:10 2024
Error: Action 'directed/dirtest4_20_0/execScript' failed (failed/script, status: 1):
  message: 'Elaboration error'
  details: UCDB status is 'UCDB Error'
  logfile: /home/reds/Desktop/Labos/vse-labos/labo1_svcomb/code/VRMDATA/directed/dirtest4_20_0/execScript.log
ActionCompleted: Action 'directed/dirtest4_20_0/execScript' failed at Sat Nov  2 23:16:10 2024
Error: Action 'directed/dirtest4_2_0/execScript' failed (failed/script, status: 1):
  message: 'Elaboration error'
  details: UCDB status is 'UCDB Error'
  logfile: /home/reds/Desktop/Labos/vse-labos/labo1_svcomb/code/VRMDATA/directed/dirtest4_2_0/execScript.log
ActionCompleted: Action 'directed/dirtest4_2_0/execScript' failed at Sat Nov  2 23:16:12 2024
Error: Action 'directed/dirtest4_21_0/execScript' failed (failed/script, status: 1):
  message: 'Elaboration error'
  details: UCDB status is 'UCDB Error'
  logfile: /home/reds/Desktop/Labos/vse-labos/labo1_svcomb/code/VRMDATA/directed/dirtest4_21_0/execScript.log
ActionCompleted: Action 'directed/dirtest4_21_0/execScript' failed at Sat Nov  2 23:16:12 2024
Error: Action 'directed/dirtest8_16_0/execScript' failed (failed/script, status: 1):
  message: 'Elaboration error'
  details: UCDB status is 'UCDB Error'
  logfile: /home/reds/Desktop/Labos/vse-labos/labo1_svcomb/code/VRMDATA/directed/dirtest8_16_0/execScript.log
ActionCompleted: Action 'directed/dirtest8_16_0/execScript' failed at Sat Nov  2 23:16:13 2024
Error: Action 'directed/dirtest4_18_0/execScript' failed (failed/script, status: 1):
  message: 'Elaboration error'
  details: UCDB status is 'UCDB Error'
  logfile: /home/reds/Desktop/Labos/vse-labos/labo1_svcomb/code/VRMDATA/directed/dirtest4_18_0/execScript.log
ActionCompleted: Action 'directed/dirtest4_18_0/execScript' failed at Sat Nov  2 23:16:14 2024
Error: Action 'directed/dirtest8_20_0/execScript' failed (failed/script, status: 1):
  message: 'Elaboration error'
  details: UCDB status is 'UCDB Error'
  logfile: /home/reds/Desktop/Labos/vse-labos/labo1_svcomb/code/VRMDATA/directed/dirtest8_20_0/execScript.log
ActionCompleted: Action 'directed/dirtest8_20_0/execScript' failed at Sat Nov  2 23:16:14 2024
Error: Action 'directed/dirtest12_1_0/execScript' failed (failed/script, status: 1):
  message: 'Elaboration error'
  details: UCDB status is 'UCDB Error'
  logfile: /home/reds/Desktop/Labos/vse-labos/labo1_svcomb/code/VRMDATA/directed/dirtest12_1_0/execScript.log
ActionCompleted: Action 'directed/dirtest12_1_0/execScript' failed at Sat Nov  2 23:16:15 2024
Error: Action 'directed/dirtest8_3_0/execScript' failed (failed/script, status: 1):
  message: 'Elaboration error'
  details: UCDB status is 'UCDB Error'
  logfile: /home/reds/Desktop/Labos/vse-labos/labo1_svcomb/code/VRMDATA/directed/dirtest8_3_0/execScript.log
ActionCompleted: Action 'directed/dirtest8_3_0/execScript' failed at Sat Nov  2 23:16:15 2024
Error: Action 'directed/dirtest8_19_0/execScript' failed (failed/script, status: 1):
  message: 'Elaboration error'
  details: UCDB status is 'UCDB Error'
  logfile: /home/reds/Desktop/Labos/vse-labos/labo1_svcomb/code/VRMDATA/directed/dirtest8_19_0/execScript.log
ActionCompleted: Action 'directed/dirtest8_19_0/execScript' failed at Sat Nov  2 23:16:16 2024
Error: Action 'directed/dirtest8_17_0/execScript' failed (failed/script, status: 1):
  message: 'Elaboration error'
  details: UCDB status is 'UCDB Error'
  logfile: /home/reds/Desktop/Labos/vse-labos/labo1_svcomb/code/VRMDATA/directed/dirtest8_17_0/execScript.log
ActionCompleted: Action 'directed/dirtest8_17_0/execScript' failed at Sat Nov  2 23:16:16 2024
Error: Action 'directed/dirtest8_1_0/execScript' failed (failed/script, status: 1):
  message: 'Elaboration error'
  details: UCDB status is 'UCDB Error'
  logfile: /home/reds/Desktop/Labos/vse-labos/labo1_svcomb/code/VRMDATA/directed/dirtest8_1_0/execScript.log
ActionCompleted: Action 'directed/dirtest8_1_0/execScript' failed at Sat Nov  2 23:16:17 2024
Error: Action 'directed/dirtest8_2_0/execScript' failed (failed/script, status: 1):
  message: 'Elaboration error'
  details: UCDB status is 'UCDB Error'
  logfile: /home/reds/Desktop/Labos/vse-labos/labo1_svcomb/code/VRMDATA/directed/dirtest8_2_0/execScript.log
ActionCompleted: Action 'directed/dirtest8_2_0/execScript' failed at Sat Nov  2 23:16:17 2024
Error: Action 'directed/dirtest4_3_0/execScript' failed (failed/script, status: 1):
  message: 'Elaboration error'
  details: UCDB status is 'UCDB Error'
  logfile: /home/reds/Desktop/Labos/vse-labos/labo1_svcomb/code/VRMDATA/directed/dirtest4_3_0/execScript.log
ActionCompleted: Action 'directed/dirtest4_3_0/execScript' failed at Sat Nov  2 23:16:17 2024
Error: Action 'directed/dirtest12_21_0/execScript' failed (failed/script, status: 1):
  message: 'Elaboration error'
  details: UCDB status is 'UCDB Error'
  logfile: /home/reds/Desktop/Labos/vse-labos/labo1_svcomb/code/VRMDATA/directed/dirtest12_21_0/execScript.log
ActionCompleted: Action 'directed/dirtest12_21_0/execScript' failed at Sat Nov  2 23:16:18 2024
Error: Action 'directed/dirtest12_2_0/execScript' failed (failed/script, status: 1):
  message: 'Elaboration error'
  details: UCDB status is 'UCDB Error'
  logfile: /home/reds/Desktop/Labos/vse-labos/labo1_svcomb/code/VRMDATA/directed/dirtest12_2_0/execScript.log
ActionCompleted: Action 'directed/dirtest12_2_0/execScript' failed at Sat Nov  2 23:16:18 2024
Error: Action 'directed/dirtest8_18_0/execScript' failed (failed/script, status: 1):
  message: 'Elaboration error'
  details: UCDB status is 'UCDB Error'
  logfile: /home/reds/Desktop/Labos/vse-labos/labo1_svcomb/code/VRMDATA/directed/dirtest8_18_0/execScript.log
ActionCompleted: Action 'directed/dirtest8_18_0/execScript' failed at Sat Nov  2 23:16:18 2024
Error: Action 'directed/dirtest12_16_0/execScript' failed (failed/script, status: 1):
  message: 'Elaboration error'
  details: UCDB status is 'UCDB Error'
  logfile: /home/reds/Desktop/Labos/vse-labos/labo1_svcomb/code/VRMDATA/directed/dirtest12_16_0/execScript.log
ActionCompleted: Action 'directed/dirtest12_16_0/execScript' failed at Sat Nov  2 23:16:18 2024
Error: Action 'directed/dirtest12_20_0/execScript' failed (failed/script, status: 1):
  message: 'Elaboration error'
  details: UCDB status is 'UCDB Error'
  logfile: /home/reds/Desktop/Labos/vse-labos/labo1_svcomb/code/VRMDATA/directed/dirtest12_20_0/execScript.log
ActionCompleted: Action 'directed/dirtest12_20_0/execScript' failed at Sat Nov  2 23:16:18 2024
Error: Action 'directed/dirtest12_17_0/execScript' failed (failed/script, status: 1):
  message: 'Elaboration error'
  details: UCDB status is 'UCDB Error'
  logfile: /home/reds/Desktop/Labos/vse-labos/labo1_svcomb/code/VRMDATA/directed/dirtest12_17_0/execScript.log
ActionCompleted: Action 'directed/dirtest12_17_0/execScript' failed at Sat Nov  2 23:16:18 2024
Error: Action 'directed/dirtest8_21_0/execScript' failed (failed/script, status: 1):
  message: 'Elaboration error'
  details: UCDB status is 'UCDB Error'
  logfile: /home/reds/Desktop/Labos/vse-labos/labo1_svcomb/code/VRMDATA/directed/dirtest8_21_0/execScript.log
ActionCompleted: Action 'directed/dirtest8_21_0/execScript' failed at Sat Nov  2 23:16:18 2024
Error: Action 'directed/dirtest12_18_0/execScript' failed (failed/script, status: 1):
  message: 'Elaboration error'
  details: UCDB status is 'UCDB Error'
  logfile: /home/reds/Desktop/Labos/vse-labos/labo1_svcomb/code/VRMDATA/directed/dirtest12_18_0/execScript.log
ActionCompleted: Action 'directed/dirtest12_18_0/execScript' failed at Sat Nov  2 23:16:18 2024
Error: Action 'directed/dirtest12_19_0/execScript' failed (failed/script, status: 1):
  message: 'Elaboration error'
  details: UCDB status is 'UCDB Error'
  logfile: /home/reds/Desktop/Labos/vse-labos/labo1_svcomb/code/VRMDATA/directed/dirtest12_19_0/execScript.log
ActionCompleted: Action 'directed/dirtest12_19_0/execScript' failed at Sat Nov  2 23:16:18 2024
Error: Action 'directed/dirtest12_0_0/execScript' failed (failed/script, status: 1):
  message: 'Elaboration error'
  details: UCDB status is 'UCDB Error'
  logfile: /home/reds/Desktop/Labos/vse-labos/labo1_svcomb/code/VRMDATA/directed/dirtest12_0_0/execScript.log
ActionCompleted: Action 'directed/dirtest12_0_0/execScript' failed at Sat Nov  2 23:16:18 2024
Error: Action 'directed/dirtest12_3_0/execScript' failed (failed/script, status: 1):
  message: 'Elaboration error'
  details: UCDB status is 'UCDB Error'
  logfile: /home/reds/Desktop/Labos/vse-labos/labo1_svcomb/code/VRMDATA/directed/dirtest12_3_0/execScript.log
ActionCompleted: Action 'directed/dirtest12_3_0/execScript' failed at Sat Nov  2 23:16:18 2024
Action script execution status:
  Total 30 scripts prepared: 30 OK, 0 failed
  Total 30 scripts launched: 30 OK, 0 failed
  Total 30 scripts finished: 0 OK, 30 failed
Action script completion status:
  Total 30 execScript actions: 30 failed
  Total  1 postScript actions: 1 empty
  Total  1  preScript actions: 1 empty
Action script pass/fail status:
  Passed          0    
  Failed          30   
  TOTAL           30   
RegressionCompleted: Regression finished at Sat Nov  2 23:16:24 2024
VRM total elapsed time: 0m:27s
