Run Monitor daemon listening on '33159@reds-vmeda'...
RegressionStarting: Regression started at Sat Nov  2 23:26:06 2024
ActionStarted:   Action 'directed/dirtest4_3_0/execScript' has started at Sat Nov  2 23:26:11 2024
ActionStarted:   Action 'directed/dirtest4_1_0/execScript' has started at Sat Nov  2 23:26:11 2024
ActionStarted:   Action 'directed/dirtest4_16_0/execScript' has started at Sat Nov  2 23:26:11 2024
ActionStarted:   Action 'directed/dirtest4_20_0/execScript' has started at Sat Nov  2 23:26:12 2024
ActionStarted:   Action 'directed/dirtest4_0_0/execScript' has started at Sat Nov  2 23:26:13 2024
ActionStarted:   Action 'directed/dirtest8_0_0/execScript' has started at Sat Nov  2 23:26:13 2024
ActionStarted:   Action 'directed/dirtest4_2_0/execScript' has started at Sat Nov  2 23:26:13 2024
ActionStarted:   Action 'directed/dirtest4_17_0/execScript' has started at Sat Nov  2 23:26:13 2024
ActionStarted:   Action 'directed/dirtest4_18_0/execScript' has started at Sat Nov  2 23:26:13 2024
ActionStarted:   Action 'directed/dirtest8_2_0/execScript' has started at Sat Nov  2 23:26:13 2024
ActionStarted:   Action 'directed/dirtest8_21_0/execScript' has started at Sat Nov  2 23:26:13 2024
ActionStarted:   Action 'directed/dirtest4_21_0/execScript' has started at Sat Nov  2 23:26:14 2024
ActionStarted:   Action 'directed/dirtest4_19_0/execScript' has started at Sat Nov  2 23:26:15 2024
ActionStarted:   Action 'directed/dirtest8_19_0/execScript' has started at Sat Nov  2 23:26:15 2024
ActionStarted:   Action 'directed/dirtest16_2_0/execScript' has started at Sat Nov  2 23:26:15 2024
ActionStarted:   Action 'directed/dirtest16_18_0/execScript' has started at Sat Nov  2 23:26:16 2024
ActionStarted:   Action 'directed/dirtest16_16_0/execScript' has started at Sat Nov  2 23:26:16 2024
ActionStarted:   Action 'directed/dirtest16_1_0/execScript' has started at Sat Nov  2 23:26:16 2024
ActionStarted:   Action 'directed/dirtest8_17_0/execScript' has started at Sat Nov  2 23:26:16 2024
ActionStarted:   Action 'directed/dirtest8_3_0/execScript' has started at Sat Nov  2 23:26:16 2024
ActionStarted:   Action 'directed/dirtest8_16_0/execScript' has started at Sat Nov  2 23:26:16 2024
ActionStarted:   Action 'directed/dirtest8_1_0/execScript' has started at Sat Nov  2 23:26:17 2024
ActionStarted:   Action 'directed/dirtest16_0_0/execScript' has started at Sat Nov  2 23:26:17 2024
ActionStarted:   Action 'directed/dirtest8_18_0/execScript' has started at Sat Nov  2 23:26:17 2024
ActionStarted:   Action 'directed/dirtest16_17_0/execScript' has started at Sat Nov  2 23:26:17 2024
ActionStarted:   Action 'directed/dirtest16_19_0/execScript' has started at Sat Nov  2 23:26:17 2024
ActionStarted:   Action 'directed/dirtest8_20_0/execScript' has started at Sat Nov  2 23:26:17 2024
ActionStarted:   Action 'directed/dirtest16_21_0/execScript' has started at Sat Nov  2 23:26:18 2024
ActionStarted:   Action 'directed/dirtest16_20_0/execScript' has started at Sat Nov  2 23:26:18 2024
ActionStarted:   Action 'directed/dirtest16_3_0/execScript' has started at Sat Nov  2 23:26:19 2024
ActionCompleted: Action 'directed/dirtest4_1_0/execScript' passed at Sat Nov  2 23:26:31 2024
ActionCompleted: Action 'directed/dirtest4_3_0/execScript' passed at Sat Nov  2 23:26:34 2024
ActionCompleted: Action 'directed/dirtest4_0_0/execScript' passed at Sat Nov  2 23:26:47 2024
ActionCompleted: Action 'directed/dirtest4_2_0/execScript' passed at Sat Nov  2 23:26:49 2024
Error: Action 'directed/dirtest4_21_0/execScript' failed (failed/error):
  details: UCDB status is 'Error'
  logfile: /home/reds/Desktop/Labos/vse-labos/labo1_svcomb/code/VRMDATA/directed/dirtest4_21_0/execScript.log
ActionCompleted: Action 'directed/dirtest4_21_0/execScript' failed at Sat Nov  2 23:26:54 2024
Error: Action 'directed/dirtest4_18_0/execScript' failed (failed/error):
  details: UCDB status is 'Error'
  logfile: /home/reds/Desktop/Labos/vse-labos/labo1_svcomb/code/VRMDATA/directed/dirtest4_18_0/execScript.log
ActionCompleted: Action 'directed/dirtest4_18_0/execScript' failed at Sat Nov  2 23:27:12 2024
Error: Action 'directed/dirtest4_20_0/execScript' failed (failed/error):
  details: UCDB status is 'Error'
  logfile: /home/reds/Desktop/Labos/vse-labos/labo1_svcomb/code/VRMDATA/directed/dirtest4_20_0/execScript.log
ActionCompleted: Action 'directed/dirtest4_20_0/execScript' failed at Sat Nov  2 23:27:15 2024
Error: Action 'directed/dirtest4_19_0/execScript' failed (failed/error):
  details: UCDB status is 'Error'
  logfile: /home/reds/Desktop/Labos/vse-labos/labo1_svcomb/code/VRMDATA/directed/dirtest4_19_0/execScript.log
ActionCompleted: Action 'directed/dirtest4_19_0/execScript' failed at Sat Nov  2 23:27:18 2024
ActionCompleted: Action 'directed/dirtest8_2_0/execScript' passed at Sat Nov  2 23:27:43 2024
ActionCompleted: Action 'directed/dirtest8_3_0/execScript' passed at Sat Nov  2 23:27:52 2024
Error: Action 'directed/dirtest4_16_0/execScript' failed (failed/error):
  details: UCDB status is 'Error'
  logfile: /home/reds/Desktop/Labos/vse-labos/labo1_svcomb/code/VRMDATA/directed/dirtest4_16_0/execScript.log
ActionCompleted: Action 'directed/dirtest4_16_0/execScript' failed at Sat Nov  2 23:27:53 2024
ActionCompleted: Action 'directed/dirtest8_1_0/execScript' passed at Sat Nov  2 23:28:05 2024
Error: Action 'directed/dirtest4_17_0/execScript' failed (failed/error):
  details: UCDB status is 'Error'
  logfile: /home/reds/Desktop/Labos/vse-labos/labo1_svcomb/code/VRMDATA/directed/dirtest4_17_0/execScript.log
ActionCompleted: Action 'directed/dirtest4_17_0/execScript' failed at Sat Nov  2 23:28:12 2024
ActionCompleted: Action 'directed/dirtest8_0_0/execScript' passed at Sat Nov  2 23:28:14 2024
Error: Action 'directed/dirtest8_21_0/execScript' failed (failed/error):
  details: UCDB status is 'Error'
  logfile: /home/reds/Desktop/Labos/vse-labos/labo1_svcomb/code/VRMDATA/directed/dirtest8_21_0/execScript.log
ActionCompleted: Action 'directed/dirtest8_21_0/execScript' failed at Sat Nov  2 23:29:42 2024
Error: TIMEOUT on action 'directed/dirtest8_16_0/execScript'... failure assumed
Error: Action 'directed/dirtest8_16_0/execScript' failed (timeout/executing):
  logfile: /home/reds/Desktop/Labos/vse-labos/labo1_svcomb/code/VRMDATA/directed/dirtest8_16_0/execScript.log
ActionCompleted: Action 'directed/dirtest8_16_0/execScript' failed at Sat Nov  2 23:31:28 2024
Error: TIMEOUT on action 'directed/dirtest16_20_0/execScript'... failure assumed
Error: Action 'directed/dirtest16_20_0/execScript' failed (timeout/executing):
  logfile: /home/reds/Desktop/Labos/vse-labos/labo1_svcomb/code/VRMDATA/directed/dirtest16_20_0/execScript.log
ActionCompleted: Action 'directed/dirtest16_20_0/execScript' failed at Sat Nov  2 23:31:29 2024
Error: TIMEOUT on action 'directed/dirtest16_19_0/execScript'... failure assumed
Error: Action 'directed/dirtest16_19_0/execScript' failed (timeout/executing):
  logfile: /home/reds/Desktop/Labos/vse-labos/labo1_svcomb/code/VRMDATA/directed/dirtest16_19_0/execScript.log
ActionCompleted: Action 'directed/dirtest16_19_0/execScript' failed at Sat Nov  2 23:31:29 2024
Error: TIMEOUT on action 'directed/dirtest16_2_0/execScript'... failure assumed
Error: Action 'directed/dirtest16_2_0/execScript' failed (timeout/executing):
  logfile: /home/reds/Desktop/Labos/vse-labos/labo1_svcomb/code/VRMDATA/directed/dirtest16_2_0/execScript.log
ActionCompleted: Action 'directed/dirtest16_2_0/execScript' failed at Sat Nov  2 23:31:29 2024
Error: TIMEOUT on action 'directed/dirtest8_18_0/execScript'... failure assumed
Error: Action 'directed/dirtest8_18_0/execScript' failed (timeout/executing):
  logfile: /home/reds/Desktop/Labos/vse-labos/labo1_svcomb/code/VRMDATA/directed/dirtest8_18_0/execScript.log
ActionCompleted: Action 'directed/dirtest8_18_0/execScript' failed at Sat Nov  2 23:31:30 2024
Error: TIMEOUT on action 'directed/dirtest16_16_0/execScript'... failure assumed
Error: Action 'directed/dirtest16_16_0/execScript' failed (timeout/executing):
  logfile: /home/reds/Desktop/Labos/vse-labos/labo1_svcomb/code/VRMDATA/directed/dirtest16_16_0/execScript.log
ActionCompleted: Action 'directed/dirtest16_16_0/execScript' failed at Sat Nov  2 23:31:30 2024
Error: TIMEOUT on action 'directed/dirtest16_18_0/execScript'... failure assumed
Error: Action 'directed/dirtest16_18_0/execScript' failed (timeout/executing):
  logfile: /home/reds/Desktop/Labos/vse-labos/labo1_svcomb/code/VRMDATA/directed/dirtest16_18_0/execScript.log
ActionCompleted: Action 'directed/dirtest16_18_0/execScript' failed at Sat Nov  2 23:31:31 2024
Error: TIMEOUT on action 'directed/dirtest16_1_0/execScript'... failure assumed
Error: Action 'directed/dirtest16_1_0/execScript' failed (timeout/executing):
  logfile: /home/reds/Desktop/Labos/vse-labos/labo1_svcomb/code/VRMDATA/directed/dirtest16_1_0/execScript.log
ActionCompleted: Action 'directed/dirtest16_1_0/execScript' failed at Sat Nov  2 23:31:31 2024
Error: TIMEOUT on action 'directed/dirtest8_17_0/execScript'... failure assumed
Error: Action 'directed/dirtest8_17_0/execScript' failed (timeout/executing):
  logfile: /home/reds/Desktop/Labos/vse-labos/labo1_svcomb/code/VRMDATA/directed/dirtest8_17_0/execScript.log
ActionCompleted: Action 'directed/dirtest8_17_0/execScript' failed at Sat Nov  2 23:31:32 2024
Error: TIMEOUT on action 'directed/dirtest16_21_0/execScript'... failure assumed
Error: Action 'directed/dirtest16_21_0/execScript' failed (timeout/executing):
  logfile: /home/reds/Desktop/Labos/vse-labos/labo1_svcomb/code/VRMDATA/directed/dirtest16_21_0/execScript.log
ActionCompleted: Action 'directed/dirtest16_21_0/execScript' failed at Sat Nov  2 23:31:32 2024
Error: TIMEOUT on action 'directed/dirtest16_3_0/execScript'... failure assumed
Error: Action 'directed/dirtest16_3_0/execScript' failed (timeout/executing):
  logfile: /home/reds/Desktop/Labos/vse-labos/labo1_svcomb/code/VRMDATA/directed/dirtest16_3_0/execScript.log
ActionCompleted: Action 'directed/dirtest16_3_0/execScript' failed at Sat Nov  2 23:31:32 2024
Error: TIMEOUT on action 'directed/dirtest8_20_0/execScript'... failure assumed
Error: Action 'directed/dirtest8_20_0/execScript' failed (timeout/executing):
  logfile: /home/reds/Desktop/Labos/vse-labos/labo1_svcomb/code/VRMDATA/directed/dirtest8_20_0/execScript.log
ActionCompleted: Action 'directed/dirtest8_20_0/execScript' failed at Sat Nov  2 23:31:32 2024
Error: TIMEOUT on action 'directed/dirtest8_19_0/execScript'... failure assumed
Error: Action 'directed/dirtest8_19_0/execScript' failed (timeout/executing):
  logfile: /home/reds/Desktop/Labos/vse-labos/labo1_svcomb/code/VRMDATA/directed/dirtest8_19_0/execScript.log
ActionCompleted: Action 'directed/dirtest8_19_0/execScript' failed at Sat Nov  2 23:31:32 2024
Error: TIMEOUT on action 'directed/dirtest16_17_0/execScript'... failure assumed
Error: Action 'directed/dirtest16_17_0/execScript' failed (timeout/executing):
  logfile: /home/reds/Desktop/Labos/vse-labos/labo1_svcomb/code/VRMDATA/directed/dirtest16_17_0/execScript.log
ActionCompleted: Action 'directed/dirtest16_17_0/execScript' failed at Sat Nov  2 23:31:32 2024
Error: TIMEOUT on action 'directed/dirtest16_0_0/execScript'... failure assumed
Error: Action 'directed/dirtest16_0_0/execScript' failed (timeout/executing):
  logfile: /home/reds/Desktop/Labos/vse-labos/labo1_svcomb/code/VRMDATA/directed/dirtest16_0_0/execScript.log
ActionCompleted: Action 'directed/dirtest16_0_0/execScript' failed at Sat Nov  2 23:31:32 2024
Waiting for 45 deferred commands to complete...
Action script execution status:
  Total 30 scripts prepared: 30 OK, 0 failed
  Total 30 scripts launched: 30 OK, 0 failed
  Total 15 scripts finished: 15 OK, 0 failed
Action script completion status:
  Total 30 execScript actions: 7 failed, 8 passed, 15 timeout
  Total  1 postScript actions: 1 empty
  Total  1  preScript actions: 1 empty
Test (valid UCDB) status:
  Ok              8
  Warning         0
  Error           7
  Fatal           0
  Missing         0
  Merge Error     0
  Unknown Error   0
  UCDB Error      0
  TOTAL           15
Action script pass/fail status:
  Passed          8    
  Failed          22    (7 based on UCDB status)
  TOTAL           30   
RegressionCompleted: Regression finished at Sat Nov  2 23:32:03 2024
VRM total elapsed time: 5m:57s
